<?xml version="1.0" encoding="UTF-8"?>
<!-- Generated by org.testng.reporters.JUnitXMLReporter -->
<testsuite ignored="0" hostname="LAPTOP-4FN0AGO1" failures="2" tests="9" name="CromeTest" time="189.431" errors="0" timestamp="2023-04-21T21:33:50 IST">
  <testcase classname="test.VarifyLogOutFunction" name="verifyIfACustomerAbletoPlace" time="6.534"/>
  <testcase classname="test.ToVarifyAddToCartProduct" name="addSingleProductToCart" time="4.431"/>
  <testcase classname="test.ToVarifyAddToCartProduct" name="clickOnImageToAddproductToCart" time="6.734"/>
  <testcase classname="test.ToVarifyAddToCartProduct" name="removesingleProductFromCart" time="8.662"/>
  <testcase classname="test.ToVarifyAddToCartProduct" name="toVarifyProductChekoutCanselButtonFunctionality" time="8.837"/>
  <testcase classname="test.ToVarifyAddToCartProduct" name="toVarifyProductChekoutFunctionality" time="6.871"/>
  <testcase classname="test.ToVarifyAddToCartProduct" name="verifyIfCustomerIsAbleToAddMultipleProductToCart" time="19.316">
    <failure type="java.lang.AssertionError" message="expected [2] but found [1]">
      <![CDATA[java.lang.AssertionError: expected [2] but found [1]
at test.ToVarifyAddToCartProduct.verifyIfCustomerIsAbleToAddMultipleProductToCart(ToVarifyAddToCartProduct.java:120)
at java.base/java.util.ArrayList.forEach(ArrayList.java:1511)
... Removed 34 stack frames]]>
    </failure>
  </testcase> <!-- verifyIfCustomerIsAbleToAddMultipleProductToCart -->
  <testcase classname="test.ToVarifyLoginFeatures" name="varifyWorkingOfLoginButtonWithValiedUsernamePassword" time="0.799">
    <failure type="java.lang.NoClassDefFoundError" message="Could not initialize class org.apache.logging.log4j.core.LoggerContext">
      <![CDATA[java.lang.NoClassDefFoundError: Could not initialize class org.apache.logging.log4j.core.LoggerContext
at org.apache.logging.log4j.core.selector.ClassLoaderContextSelector.createContext(ClassLoaderContextSelector.java:254)
at org.apache.logging.log4j.core.selector.ClassLoaderContextSelector.locateContext(ClassLoaderContextSelector.java:218)
at org.apache.logging.log4j.core.selector.ClassLoaderContextSelector.getContext(ClassLoaderContextSelector.java:136)
at org.apache.logging.log4j.core.selector.ClassLoaderContextSelector.getContext(ClassLoaderContextSelector.java:123)
at org.apache.logging.log4j.core.selector.ClassLoaderContextSelector.getContext(ClassLoaderContextSelector.java:117)
at org.apache.logging.log4j.core.impl.Log4jContextFactory.getContext(Log4jContextFactory.java:150)
at org.apache.logging.log4j.core.impl.Log4jContextFactory.getContext(Log4jContextFactory.java:47)
at org.apache.logging.log4j.LogManager.getContext(LogManager.java:196)
at org.apache.logging.log4j.LogManager.getLogger(LogManager.java:599)
at org.apache.poi.util.IOUtils.<clinit>(IOUtils.java:43)
at org.apache.poi.poifs.filesystem.FileMagic.valueOf(FileMagic.java:209)
at org.apache.poi.ss.usermodel.WorkbookFactory.create(WorkbookFactory.java:222)
at org.apache.poi.ss.usermodel.WorkbookFactory.create(WorkbookFactory.java:185)
at utility.Parameterization.getExcelData(Parameterization.java:15)
at test.ToVarifyLoginFeatures.varifyWorkingOfLoginButtonWithValiedUsernamePassword(ToVarifyLoginFeatures.java:42)
at java.base/java.util.ArrayList.forEach(ArrayList.java:1511)
... Removed 27 stack frames]]>
    </failure>
  </testcase> <!-- varifyWorkingOfLoginButtonWithValiedUsernamePassword -->
  <testcase classname="test.OrderPlaceOnSwagLab" name="verifyIfACustomerAbletoPlace" time="11.142"/>
</testsuite> <!-- CromeTest -->
