<?xml version="1.0" encoding="UTF-8"?>
<testng-results ignored="0" total="9" passed="7" failed="2" skipped="0">
  <reporter-output>
  </reporter-output>
  <suite started-at="2023-04-21T21:30:41 IST" name="SwagLab" finished-at="2023-04-21T21:33:50 IST" duration-ms="189431">
    <groups>
    </groups>
    <test started-at="2023-04-21T21:30:41 IST" name="CromeTest" finished-at="2023-04-21T21:33:50 IST" duration-ms="189431">
      <class name="test.ToVarifyAddToCartProduct">
        <test-method is-config="true" signature="configureReports()[pri:0, instance:test.ToVarifyAddToCartProduct@4b013c76]" started-at="2023-04-21T21:30:41 IST" name="configureReports" finished-at="2023-04-21T21:30:41 IST" duration-ms="1" status="PASS">
          <reporter-output>
          </reporter-output>
        </test-method> <!-- configureReports -->
        <test-method is-config="true" signature="lonchBrpowser()[pri:0, instance:test.ToVarifyAddToCartProduct@4b013c76]" started-at="2023-04-21T21:30:55 IST" name="lonchBrpowser" finished-at="2023-04-21T21:31:01 IST" duration-ms="5663" status="PASS">
          <reporter-output>
          </reporter-output>
        </test-method> <!-- lonchBrpowser -->
        <test-method signature="addSingleProductToCart()[pri:0, instance:test.ToVarifyAddToCartProduct@4b013c76]" started-at="2023-04-21T21:31:01 IST" name="addSingleProductToCart" finished-at="2023-04-21T21:31:05 IST" duration-ms="4431" status="PASS">
          <reporter-output>
          </reporter-output>
        </test-method> <!-- addSingleProductToCart -->
        <test-method is-config="true" signature="lonchBrpowser()[pri:0, instance:test.ToVarifyAddToCartProduct@4b013c76]" started-at="2023-04-21T21:31:05 IST" name="lonchBrpowser" finished-at="2023-04-21T21:31:18 IST" duration-ms="12320" status="PASS">
          <reporter-output>
          </reporter-output>
        </test-method> <!-- lonchBrpowser -->
        <test-method signature="clickOnImageToAddproductToCart()[pri:0, instance:test.ToVarifyAddToCartProduct@4b013c76]" started-at="2023-04-21T21:31:18 IST" name="clickOnImageToAddproductToCart" finished-at="2023-04-21T21:31:24 IST" duration-ms="6734" status="PASS">
          <reporter-output>
          </reporter-output>
        </test-method> <!-- clickOnImageToAddproductToCart -->
        <test-method is-config="true" signature="lonchBrpowser()[pri:0, instance:test.ToVarifyAddToCartProduct@4b013c76]" started-at="2023-04-21T21:31:24 IST" name="lonchBrpowser" finished-at="2023-04-21T21:31:45 IST" duration-ms="20776" status="PASS">
          <reporter-output>
          </reporter-output>
        </test-method> <!-- lonchBrpowser -->
        <test-method signature="removesingleProductFromCart()[pri:0, instance:test.ToVarifyAddToCartProduct@4b013c76]" started-at="2023-04-21T21:31:45 IST" name="removesingleProductFromCart" finished-at="2023-04-21T21:31:54 IST" duration-ms="8662" status="PASS">
          <reporter-output>
          </reporter-output>
        </test-method> <!-- removesingleProductFromCart -->
        <test-method is-config="true" signature="lonchBrpowser()[pri:0, instance:test.ToVarifyAddToCartProduct@4b013c76]" started-at="2023-04-21T21:31:54 IST" name="lonchBrpowser" finished-at="2023-04-21T21:31:59 IST" duration-ms="4801" status="PASS">
          <reporter-output>
          </reporter-output>
        </test-method> <!-- lonchBrpowser -->
        <test-method signature="toVarifyProductChekoutCanselButtonFunctionality()[pri:0, instance:test.ToVarifyAddToCartProduct@4b013c76]" started-at="2023-04-21T21:31:59 IST" name="toVarifyProductChekoutCanselButtonFunctionality" finished-at="2023-04-21T21:32:07 IST" duration-ms="8837" status="PASS">
          <reporter-output>
          </reporter-output>
        </test-method> <!-- toVarifyProductChekoutCanselButtonFunctionality -->
        <test-method is-config="true" signature="lonchBrpowser()[pri:0, instance:test.ToVarifyAddToCartProduct@4b013c76]" started-at="2023-04-21T21:32:07 IST" name="lonchBrpowser" finished-at="2023-04-21T21:32:19 IST" duration-ms="11735" status="PASS">
          <reporter-output>
          </reporter-output>
        </test-method> <!-- lonchBrpowser -->
        <test-method signature="toVarifyProductChekoutFunctionality()[pri:0, instance:test.ToVarifyAddToCartProduct@4b013c76]" started-at="2023-04-21T21:32:19 IST" name="toVarifyProductChekoutFunctionality" finished-at="2023-04-21T21:32:26 IST" duration-ms="6871" status="PASS">
          <reporter-output>
          </reporter-output>
        </test-method> <!-- toVarifyProductChekoutFunctionality -->
        <test-method is-config="true" signature="lonchBrpowser()[pri:0, instance:test.ToVarifyAddToCartProduct@4b013c76]" started-at="2023-04-21T21:32:26 IST" name="lonchBrpowser" finished-at="2023-04-21T21:32:45 IST" duration-ms="19454" status="PASS">
          <reporter-output>
          </reporter-output>
        </test-method> <!-- lonchBrpowser -->
        <test-method signature="verifyIfCustomerIsAbleToAddMultipleProductToCart()[pri:0, instance:test.ToVarifyAddToCartProduct@4b013c76]" started-at="2023-04-21T21:32:45 IST" name="verifyIfCustomerIsAbleToAddMultipleProductToCart" finished-at="2023-04-21T21:33:05 IST" duration-ms="19316" status="FAIL">
          <exception class="java.lang.AssertionError">
            <message>
              <![CDATA[expected [2] but found [1]]]>
            </message>
            <full-stacktrace>
              <![CDATA[java.lang.AssertionError: expected [2] but found [1]
at org.testng.Assert.fail(Assert.java:110)
at org.testng.Assert.failNotEquals(Assert.java:1577)
at org.testng.Assert.assertEqualsImpl(Assert.java:149)
at org.testng.Assert.assertEquals(Assert.java:131)
at org.testng.Assert.assertEquals(Assert.java:1418)
at org.testng.Assert.assertEquals(Assert.java:1382)
at org.testng.Assert.assertEquals(Assert.java:1428)
at test.ToVarifyAddToCartProduct.verifyIfCustomerIsAbleToAddMultipleProductToCart(ToVarifyAddToCartProduct.java:120)
at java.base/jdk.internal.reflect.NativeMethodAccessorImpl.invoke0(Native Method)
at java.base/jdk.internal.reflect.NativeMethodAccessorImpl.invoke(NativeMethodAccessorImpl.java:77)
at java.base/jdk.internal.reflect.DelegatingMethodAccessorImpl.invoke(DelegatingMethodAccessorImpl.java:43)
at java.base/java.lang.reflect.Method.invoke(Method.java:568)
at org.testng.internal.invokers.MethodInvocationHelper.invokeMethod(MethodInvocationHelper.java:139)
at org.testng.internal.invokers.TestInvoker.invokeMethod(TestInvoker.java:677)
at org.testng.internal.invokers.TestInvoker.invokeTestMethod(TestInvoker.java:221)
at org.testng.internal.invokers.MethodRunner.runInSequence(MethodRunner.java:50)
at org.testng.internal.invokers.TestInvoker$MethodInvocationAgent.invoke(TestInvoker.java:969)
at org.testng.internal.invokers.TestInvoker.invokeTestMethods(TestInvoker.java:194)
at org.testng.internal.invokers.TestMethodWorker.invokeTestMethods(TestMethodWorker.java:148)
at org.testng.internal.invokers.TestMethodWorker.run(TestMethodWorker.java:128)
at java.base/java.util.ArrayList.forEach(ArrayList.java:1511)
at org.testng.TestRunner.privateRun(TestRunner.java:829)
at org.testng.TestRunner.run(TestRunner.java:602)
at org.testng.SuiteRunner.runTest(SuiteRunner.java:437)
at org.testng.SuiteRunner.runSequentially(SuiteRunner.java:431)
at org.testng.SuiteRunner.privateRun(SuiteRunner.java:391)
at org.testng.SuiteRunner.run(SuiteRunner.java:330)
at org.testng.SuiteRunnerWorker.runSuite(SuiteRunnerWorker.java:52)
at org.testng.SuiteRunnerWorker.run(SuiteRunnerWorker.java:95)
at org.testng.TestNG.runSuitesSequentially(TestNG.java:1256)
at org.testng.TestNG.runSuitesLocally(TestNG.java:1176)
at org.testng.TestNG.runSuites(TestNG.java:1099)
at org.testng.TestNG.run(TestNG.java:1067)
at org.testng.remote.AbstractRemoteTestNG.run(AbstractRemoteTestNG.java:115)
at org.testng.remote.RemoteTestNG.initAndRun(RemoteTestNG.java:251)
at org.testng.remote.RemoteTestNG.main(RemoteTestNG.java:77)
]]>
            </full-stacktrace>
          </exception> <!-- java.lang.AssertionError -->
          <reporter-output>
          </reporter-output>
        </test-method> <!-- verifyIfCustomerIsAbleToAddMultipleProductToCart -->
      </class> <!-- test.ToVarifyAddToCartProduct -->
      <class name="test.VarifyLogOutFunction">
        <test-method is-config="true" signature="configureReports()[pri:0, instance:test.VarifyLogOutFunction@663c9e7a]" started-at="2023-04-21T21:30:41 IST" name="configureReports" finished-at="2023-04-21T21:30:41 IST" duration-ms="0" status="PASS">
          <reporter-output>
          </reporter-output>
        </test-method> <!-- configureReports -->
        <test-method is-config="true" signature="LonchBrowser()[pri:0, instance:test.VarifyLogOutFunction@663c9e7a]" started-at="2023-04-21T21:30:41 IST" name="LonchBrowser" finished-at="2023-04-21T21:30:49 IST" duration-ms="7829" status="PASS">
          <reporter-output>
          </reporter-output>
        </test-method> <!-- LonchBrowser -->
        <test-method signature="verifyIfACustomerAbletoPlace()[pri:0, instance:test.VarifyLogOutFunction@663c9e7a]" started-at="2023-04-21T21:30:49 IST" name="verifyIfACustomerAbletoPlace" finished-at="2023-04-21T21:30:55 IST" duration-ms="6534" status="PASS">
          <reporter-output>
          </reporter-output>
        </test-method> <!-- verifyIfACustomerAbletoPlace -->
      </class> <!-- test.VarifyLogOutFunction -->
      <class name="test.ToVarifyLoginFeatures">
        <test-method is-config="true" signature="configureReports()[pri:0, instance:test.ToVarifyLoginFeatures@53fb3dab]" started-at="2023-04-21T21:30:41 IST" name="configureReports" finished-at="2023-04-21T21:30:41 IST" duration-ms="1" status="PASS">
          <reporter-output>
          </reporter-output>
        </test-method> <!-- configureReports -->
        <test-method is-config="true" signature="launchBrowser()[pri:0, instance:test.ToVarifyLoginFeatures@53fb3dab]" started-at="2023-04-21T21:33:05 IST" name="launchBrowser" finished-at="2023-04-21T21:33:22 IST" duration-ms="16550" status="PASS">
          <reporter-output>
          </reporter-output>
        </test-method> <!-- launchBrowser -->
        <test-method signature="varifyWorkingOfLoginButtonWithValiedUsernamePassword()[pri:0, instance:test.ToVarifyLoginFeatures@53fb3dab]" started-at="2023-04-21T21:33:22 IST" name="varifyWorkingOfLoginButtonWithValiedUsernamePassword" finished-at="2023-04-21T21:33:23 IST" duration-ms="799" status="FAIL">
          <exception class="java.lang.NoClassDefFoundError">
            <message>
              <![CDATA[Could not initialize class org.apache.logging.log4j.core.LoggerContext]]>
            </message>
            <full-stacktrace>
              <![CDATA[java.lang.NoClassDefFoundError: Could not initialize class org.apache.logging.log4j.core.LoggerContext
at org.apache.logging.log4j.core.selector.ClassLoaderContextSelector.createContext(ClassLoaderContextSelector.java:254)
at org.apache.logging.log4j.core.selector.ClassLoaderContextSelector.locateContext(ClassLoaderContextSelector.java:218)
at org.apache.logging.log4j.core.selector.ClassLoaderContextSelector.getContext(ClassLoaderContextSelector.java:136)
at org.apache.logging.log4j.core.selector.ClassLoaderContextSelector.getContext(ClassLoaderContextSelector.java:123)
at org.apache.logging.log4j.core.selector.ClassLoaderContextSelector.getContext(ClassLoaderContextSelector.java:117)
at org.apache.logging.log4j.core.impl.Log4jContextFactory.getContext(Log4jContextFactory.java:150)
at org.apache.logging.log4j.core.impl.Log4jContextFactory.getContext(Log4jContextFactory.java:47)
at org.apache.logging.log4j.LogManager.getContext(LogManager.java:196)
at org.apache.logging.log4j.LogManager.getLogger(LogManager.java:599)
at org.apache.poi.util.IOUtils.<clinit>(IOUtils.java:43)
at org.apache.poi.poifs.filesystem.FileMagic.valueOf(FileMagic.java:209)
at org.apache.poi.ss.usermodel.WorkbookFactory.create(WorkbookFactory.java:222)
at org.apache.poi.ss.usermodel.WorkbookFactory.create(WorkbookFactory.java:185)
at utility.Parameterization.getExcelData(Parameterization.java:15)
at test.ToVarifyLoginFeatures.varifyWorkingOfLoginButtonWithValiedUsernamePassword(ToVarifyLoginFeatures.java:42)
at java.base/jdk.internal.reflect.NativeMethodAccessorImpl.invoke0(Native Method)
at java.base/jdk.internal.reflect.NativeMethodAccessorImpl.invoke(NativeMethodAccessorImpl.java:77)
at java.base/jdk.internal.reflect.DelegatingMethodAccessorImpl.invoke(DelegatingMethodAccessorImpl.java:43)
at java.base/java.lang.reflect.Method.invoke(Method.java:568)
at org.testng.internal.invokers.MethodInvocationHelper.invokeMethod(MethodInvocationHelper.java:139)
at org.testng.internal.invokers.TestInvoker.invokeMethod(TestInvoker.java:677)
at org.testng.internal.invokers.TestInvoker.invokeTestMethod(TestInvoker.java:221)
at org.testng.internal.invokers.MethodRunner.runInSequence(MethodRunner.java:50)
at org.testng.internal.invokers.TestInvoker$MethodInvocationAgent.invoke(TestInvoker.java:969)
at org.testng.internal.invokers.TestInvoker.invokeTestMethods(TestInvoker.java:194)
at org.testng.internal.invokers.TestMethodWorker.invokeTestMethods(TestMethodWorker.java:148)
at org.testng.internal.invokers.TestMethodWorker.run(TestMethodWorker.java:128)
at java.base/java.util.ArrayList.forEach(ArrayList.java:1511)
at org.testng.TestRunner.privateRun(TestRunner.java:829)
at org.testng.TestRunner.run(TestRunner.java:602)
at org.testng.SuiteRunner.runTest(SuiteRunner.java:437)
at org.testng.SuiteRunner.runSequentially(SuiteRunner.java:431)
at org.testng.SuiteRunner.privateRun(SuiteRunner.java:391)
at org.testng.SuiteRunner.run(SuiteRunner.java:330)
at org.testng.SuiteRunnerWorker.runSuite(SuiteRunnerWorker.java:52)
at org.testng.SuiteRunnerWorker.run(SuiteRunnerWorker.java:95)
at org.testng.TestNG.runSuitesSequentially(TestNG.java:1256)
at org.testng.TestNG.runSuitesLocally(TestNG.java:1176)
at org.testng.TestNG.runSuites(TestNG.java:1099)
at org.testng.TestNG.run(TestNG.java:1067)
at org.testng.remote.AbstractRemoteTestNG.run(AbstractRemoteTestNG.java:115)
at org.testng.remote.RemoteTestNG.initAndRun(RemoteTestNG.java:251)
at org.testng.remote.RemoteTestNG.main(RemoteTestNG.java:77)
]]>
            </full-stacktrace>
          </exception> <!-- java.lang.NoClassDefFoundError -->
          <reporter-output>
          </reporter-output>
        </test-method> <!-- varifyWorkingOfLoginButtonWithValiedUsernamePassword -->
      </class> <!-- test.ToVarifyLoginFeatures -->
      <class name="test.OrderPlaceOnSwagLab">
        <test-method is-config="true" signature="configureReports()[pri:0, instance:test.OrderPlaceOnSwagLab@cb0755b]" started-at="2023-04-21T21:30:41 IST" name="configureReports" finished-at="2023-04-21T21:30:41 IST" duration-ms="275" status="PASS">
          <reporter-output>
          </reporter-output>
        </test-method> <!-- configureReports -->
        <test-method is-config="true" signature="LonchBrowser()[pri:0, instance:test.OrderPlaceOnSwagLab@cb0755b]" started-at="2023-04-21T21:33:23 IST" name="LonchBrowser" finished-at="2023-04-21T21:33:39 IST" duration-ms="15963" status="PASS">
          <reporter-output>
          </reporter-output>
        </test-method> <!-- LonchBrowser -->
        <test-method signature="verifyIfACustomerAbletoPlace()[pri:0, instance:test.OrderPlaceOnSwagLab@cb0755b]" started-at="2023-04-21T21:33:39 IST" name="verifyIfACustomerAbletoPlace" finished-at="2023-04-21T21:33:50 IST" duration-ms="11142" status="PASS">
          <reporter-output>
          </reporter-output>
        </test-method> <!-- verifyIfACustomerAbletoPlace -->
      </class> <!-- test.OrderPlaceOnSwagLab -->
    </test> <!-- CromeTest -->
  </suite> <!-- SwagLab -->
</testng-results>
